
> firestarter@0.0.1 test
> ng test --watch=false --browsers=ChromeHeadless

[32m15 06 2025 13:16:18.218:INFO [karma-server]: [39mKarma v6.4.4 server started at http://localhost:9876/
[32m15 06 2025 13:16:18.222:INFO [launcher]: [39mLaunching browsers ChromeHeadless with concurrency unlimited
[32m15 06 2025 13:16:18.228:INFO [launcher]: [39mStarting browser ChromeHeadless
[32m15 06 2025 13:16:39.139:INFO [Chrome Headless 136.0.0.0 (Linux x86_64)]: [39mConnected on socket KXYMFO4SjipYWHL5AAAB with id 85158806
Chrome Headless 136.0.0.0 (Linux x86_64): Executed 0 of 40[32m SUCCESS[39m (0 secs / 0 secs)
[1A[2K[31mChrome Headless 136.0.0.0 (Linux x86_64) CvParsingService should be created FAILED[39m
	NullInjectorError: R3InjectorError(DynamicTestModule)[CvParsingService -> Functions -> Functions]:
	  NullInjectorError: No provider for Functions!
	error properties: Object({ ngTempTokenPath: null, ngTokenPath: [ 'CvParsingService', 'Functions', 'Functions' ] })
	    at NullInjector.get (node_modules/@angular/core/fesm2022/core.mjs:1630:27)
	    at R3Injector.get (node_modules/@angular/core/fesm2022/core.mjs:2159:33)
	    at R3Injector.get (node_modules/@angular/core/fesm2022/core.mjs:2159:33)
	    at injectInjectorOnly (node_modules/@angular/core/fesm2022/core.mjs:1125:32)
	    at ÉµÉµinject (node_modules/@angular/core/fesm2022/core.mjs:1131:60)
	    at Object.factory (ng:///CvParsingService/Éµfac.js:4:60)
	    at callback (node_modules/@angular/core/fesm2022/core.mjs:2282:47)
	    at runInInjectorProfilerContext (node_modules/@angular/core/fesm2022/core.mjs:884:9)
	    at R3Injector.hydrate (node_modules/@angular/core/fesm2022/core.mjs:2281:21)
	    at R3Injector.get (node_modules/@angular/core/fesm2022/core.mjs:2149:33)
	    at TestBedImpl.inject (node_modules/@angular/core/fesm2022/testing.mjs:1987:52)
	    at TestBedImpl.inject (node_modules/@angular/core/fesm2022/testing.mjs:1829:37)
	    at UserContext.apply (src/app/services/cv-parsing/cv-parsing.service.spec.ts:10:23)
	    at _ZoneDelegate.invoke (node_modules/zone.js/fesm2015/zone.js:369:28)
	    at ProxyZoneSpec.onInvoke (node_modules/zone.js/fesm2015/zone-testing.js:2082:39)
	    at _ZoneDelegate.invoke (node_modules/zone.js/fesm2015/zone.js:368:34)
Chrome Headless 136.0.0.0 (Linux x86_64): Executed 1 of 40[31m (1 FAILED)[39m (0 secs / 0.036 secs)
[1A[2KChrome Headless 136.0.0.0 (Linux x86_64): Executed 2 of 40[31m (1 FAILED)[39m (0 secs / 0.046 secs)
[1A[2KChrome Headless 136.0.0.0 (Linux x86_64): Executed 3 of 40[31m (1 FAILED)[39m (0 secs / 0.256 secs)
[1A[2K[31mChrome Headless 136.0.0.0 (Linux x86_64) CvUploadComponent should create FAILED[39m
	Failed: R3InjectorError(Standalone[CvUploadComponent])[FileExtractionService -> FileExtractionService -> Functions -> Functions]:
	  NullInjectorError: No provider for Functions!
	error properties: Object({ ngTempTokenPath: null, ngTokenPath: [ 'FileExtractionService', 'FileExtractionService', 'Functions', 'Functions' ] })
	    at NullInjector.get (node_modules/@angular/core/fesm2022/core.mjs:1630:27)
	    at R3Injector.get (node_modules/@angular/core/fesm2022/core.mjs:2159:33)
	    at R3Injector.get (node_modules/@angular/core/fesm2022/core.mjs:2159:33)
	    at injectInjectorOnly (node_modules/@angular/core/fesm2022/core.mjs:1125:32)
	    at ÉµÉµinject (node_modules/@angular/core/fesm2022/core.mjs:1131:60)
	    at Object.factory (ng:///FileExtractionService/Éµfac.js:4:65)
	    at callback (node_modules/@angular/core/fesm2022/core.mjs:2282:47)
	    at runInInjectorProfilerContext (node_modules/@angular/core/fesm2022/core.mjs:884:9)
	    at R3Injector.hydrate (node_modules/@angular/core/fesm2022/core.mjs:2281:21)
	    at R3Injector.get (node_modules/@angular/core/fesm2022/core.mjs:2149:33)
	    at R3Injector.get (node_modules/@angular/core/fesm2022/core.mjs:2159:33)
	    at ChainedInjector.get (node_modules/@angular/core/fesm2022/core.mjs:17277:36)
	    at lookupTokenUsingModuleInjector (node_modules/@angular/core/fesm2022/core.mjs:5071:39)
	    at getOrCreateInjectable (node_modules/@angular/core/fesm2022/core.mjs:5119:12)
	    at ÉµÉµdirectiveInject (node_modules/@angular/core/fesm2022/core.mjs:17328:19)
	    at NodeInjectorFactory.CvUploadComponent_Factory [as factory] (ng:///CvUploadComponent/Éµfac.js:4:61)
Chrome Headless 136.0.0.0 (Linux x86_64): Executed 4 of 40[31m (2 FAILED)[39m (0 secs / 0.295 secs)
[1A[2K[31mChrome Headless 136.0.0.0 (Linux x86_64) ProfilePage should create FAILED[39m
	NullInjectorError: R3InjectorError(Standalone[ProfilePage])[ProfileService -> ProfileService -> Firestore -> Firestore]:
	  NullInjectorError: No provider for Firestore!
	error properties: Object({ ngTempTokenPath: null, ngTokenPath: [ 'ProfileService', 'ProfileService', 'Firestore', 'Firestore' ] })
	    at NullInjector.get (node_modules/@angular/core/fesm2022/core.mjs:1630:27)
	    at R3Injector.get (node_modules/@angular/core/fesm2022/core.mjs:2159:33)
	    at R3Injector.get (node_modules/@angular/core/fesm2022/core.mjs:2159:33)
	    at injectInjectorOnly (node_modules/@angular/core/fesm2022/core.mjs:1125:32)
	    at ÉµÉµinject (node_modules/@angular/core/fesm2022/core.mjs:1131:60)
	    at Object.factory (ng:///ProfileService/Éµfac.js:4:58)
	    at callback (node_modules/@angular/core/fesm2022/core.mjs:2282:47)
	    at runInInjectorProfilerContext (node_modules/@angular/core/fesm2022/core.mjs:884:9)
	    at R3Injector.hydrate (node_modules/@angular/core/fesm2022/core.mjs:2281:21)
	    at R3Injector.get (node_modules/@angular/core/fesm2022/core.mjs:2149:33)
	    at R3Injector.get (node_modules/@angular/core/fesm2022/core.mjs:2159:33)
	    at ChainedInjector.get (node_modules/@angular/core/fesm2022/core.mjs:17277:36)
	    at lookupTokenUsingModuleInjector (node_modules/@angular/core/fesm2022/core.mjs:5071:39)
	    at getOrCreateInjectable (node_modules/@angular/core/fesm2022/core.mjs:5119:12)
	    at ÉµÉµdirectiveInject (node_modules/@angular/core/fesm2022/core.mjs:17328:19)
	    at NodeInjectorFactory.ProfilePage_Factory [as factory] (ng:///ProfilePage/Éµfac.js:5:7)
Chrome Headless 136.0.0.0 (Linux x86_64): Executed 5 of 40[31m (3 FAILED)[39m (0 secs / 0.38 secs)
[1A[2KChrome Headless 136.0.0.0 (Linux x86_64): Executed 6 of 40[31m (3 FAILED)[39m (0 secs / 0.425 secs)
[1A[2K[31mChrome Headless 136.0.0.0 (Linux x86_64) AuthService should be created FAILED[39m
	NullInjectorError: R3InjectorError(DynamicTestModule)[AuthService -> Auth -> Auth]:
	  NullInjectorError: No provider for Auth!
	error properties: Object({ ngTempTokenPath: null, ngTokenPath: [ 'AuthService', 'Auth', 'Auth' ] })
	    at NullInjector.get (node_modules/@angular/core/fesm2022/core.mjs:1630:27)
	    at R3Injector.get (node_modules/@angular/core/fesm2022/core.mjs:2159:33)
	    at R3Injector.get (node_modules/@angular/core/fesm2022/core.mjs:2159:33)
	    at injectInjectorOnly (node_modules/@angular/core/fesm2022/core.mjs:1125:32)
	    at ÉµÉµinject (node_modules/@angular/core/fesm2022/core.mjs:1131:60)
	    at Object.factory (ng:///AuthService/Éµfac.js:4:55)
	    at callback (node_modules/@angular/core/fesm2022/core.mjs:2282:47)
	    at runInInjectorProfilerContext (node_modules/@angular/core/fesm2022/core.mjs:884:9)
	    at R3Injector.hydrate (node_modules/@angular/core/fesm2022/core.mjs:2281:21)
	    at R3Injector.get (node_modules/@angular/core/fesm2022/core.mjs:2149:33)
	    at TestBedImpl.inject (node_modules/@angular/core/fesm2022/testing.mjs:1987:52)
	    at TestBedImpl.inject (node_modules/@angular/core/fesm2022/testing.mjs:1829:37)
	    at UserContext.apply (src/app/features/auth/services/auth/auth.service.spec.ts:10:23)
	    at _ZoneDelegate.invoke (node_modules/zone.js/fesm2015/zone.js:369:28)
	    at ProxyZoneSpec.onInvoke (node_modules/zone.js/fesm2015/zone-testing.js:2082:39)
	    at _ZoneDelegate.invoke (node_modules/zone.js/fesm2015/zone.js:368:34)
Chrome Headless 136.0.0.0 (Linux x86_64): Executed 7 of 40[31m (4 FAILED)[39m (0 secs / 0.431 secs)
[1A[2KChrome Headless 136.0.0.0 (Linux x86_64): Executed 8 of 40[31m (4 FAILED)[39m (0 secs / 0.442 secs)
[1A[2K[31mChrome Headless 136.0.0.0 (Linux x86_64) ProfileService should be created FAILED[39m
	NullInjectorError: R3InjectorError(DynamicTestModule)[ProfileService -> Firestore -> Firestore]:
	  NullInjectorError: No provider for Firestore!
	error properties: Object({ ngTempTokenPath: null, ngTokenPath: [ 'ProfileService', 'Firestore', 'Firestore' ] })
	    at NullInjector.get (node_modules/@angular/core/fesm2022/core.mjs:1630:27)
	    at R3Injector.get (node_modules/@angular/core/fesm2022/core.mjs:2159:33)
	    at R3Injector.get (node_modules/@angular/core/fesm2022/core.mjs:2159:33)
	    at injectInjectorOnly (node_modules/@angular/core/fesm2022/core.mjs:1125:32)
	    at ÉµÉµinject (node_modules/@angular/core/fesm2022/core.mjs:1131:60)
	    at Object.factory (ng:///ProfileService/Éµfac.js:4:58)
	    at callback (node_modules/@angular/core/fesm2022/core.mjs:2282:47)
	    at runInInjectorProfilerContext (node_modules/@angular/core/fesm2022/core.mjs:884:9)
	    at R3Injector.hydrate (node_modules/@angular/core/fesm2022/core.mjs:2281:21)
	    at R3Injector.get (node_modules/@angular/core/fesm2022/core.mjs:2149:33)
	    at TestBedImpl.inject (node_modules/@angular/core/fesm2022/testing.mjs:1987:52)
	    at TestBedImpl.inject (node_modules/@angular/core/fesm2022/testing.mjs:1829:37)
	    at UserContext.apply (src/app/features/profile/services/profile.service.spec.ts:10:23)
	    at _ZoneDelegate.invoke (node_modules/zone.js/fesm2015/zone.js:369:28)
	    at ProxyZoneSpec.onInvoke (node_modules/zone.js/fesm2015/zone-testing.js:2082:39)
	    at _ZoneDelegate.invoke (node_modules/zone.js/fesm2015/zone.js:368:34)
Chrome Headless 136.0.0.0 (Linux x86_64): Executed 9 of 40[31m (5 FAILED)[39m (0 secs / 0.446 secs)
[1A[2KChrome Headless 136.0.0.0 (Linux x86_64): Executed 10 of 40[31m (5 FAILED)[39m (0 secs / 0.452 secs)
[1A[2K[31mChrome Headless 136.0.0.0 (Linux x86_64) CompetenceModalComponent should create FAILED[39m
	Failed: R3InjectorError(Standalone[CompetenceModalComponent])[ModalController -> ModalController -> ModalController]:
	  NullInjectorError: No provider for ModalController!
	error properties: Object({ ngTempTokenPath: null, ngTokenPath: [ 'ModalController', 'ModalController', 'ModalController' ] })
	    at NullInjector.get (node_modules/@angular/core/fesm2022/core.mjs:1630:27)
	    at R3Injector.get (node_modules/@angular/core/fesm2022/core.mjs:2159:33)
	    at R3Injector.get (node_modules/@angular/core/fesm2022/core.mjs:2159:33)
	    at R3Injector.get (node_modules/@angular/core/fesm2022/core.mjs:2159:33)
	    at ChainedInjector.get (node_modules/@angular/core/fesm2022/core.mjs:17277:36)
	    at lookupTokenUsingModuleInjector (node_modules/@angular/core/fesm2022/core.mjs:5071:39)
	    at getOrCreateInjectable (node_modules/@angular/core/fesm2022/core.mjs:5119:12)
	    at ÉµÉµdirectiveInject (node_modules/@angular/core/fesm2022/core.mjs:17328:19)
	    at NodeInjectorFactory.factory (ng:///CompetenceModalComponent/Éµfac.js:4:68)
	    at getNodeInjectable (node_modules/@angular/core/fesm2022/core.mjs:5331:44)
	    at instantiateAllDirectives (node_modules/@angular/core/fesm2022/core.mjs:12593:27)
	    at createDirectivesInstances (node_modules/@angular/core/fesm2022/core.mjs:12383:5)
	    at ComponentFactory.create (node_modules/@angular/core/fesm2022/core.mjs:17984:17)
	    at apply (node_modules/@angular/core/fesm2022/testing.mjs:2053:51)
	    at _ZoneDelegate.invoke (node_modules/zone.js/fesm2015/zone.js:369:28)
	    at AsyncTestZoneSpec.onInvoke (node_modules/zone.js/fesm2015/zone-testing.js:892:39)
Chrome Headless 136.0.0.0 (Linux x86_64): Executed 11 of 40[31m (6 FAILED)[39m (0 secs / 0.524 secs)
[1A[2K[31mChrome Headless 136.0.0.0 (Linux x86_64) CvDataService should be created FAILED[39m
	NullInjectorError: R3InjectorError(DynamicTestModule)[CvDataService -> Firestore -> Firestore]:
	  NullInjectorError: No provider for Firestore!
	error properties: Object({ ngTempTokenPath: null, ngTokenPath: [ 'CvDataService', 'Firestore', 'Firestore' ] })
	    at NullInjector.get (node_modules/@angular/core/fesm2022/core.mjs:1630:27)
	    at R3Injector.get (node_modules/@angular/core/fesm2022/core.mjs:2159:33)
	    at R3Injector.get (node_modules/@angular/core/fesm2022/core.mjs:2159:33)
	    at injectInjectorOnly (node_modules/@angular/core/fesm2022/core.mjs:1125:32)
	    at ÉµÉµinject (node_modules/@angular/core/fesm2022/core.mjs:1131:60)
	    at Object.factory (ng:///CvDataService/Éµfac.js:4:57)
	    at callback (node_modules/@angular/core/fesm2022/core.mjs:2282:47)
	    at runInInjectorProfilerContext (node_modules/@angular/core/fesm2022/core.mjs:884:9)
	    at R3Injector.hydrate (node_modules/@angular/core/fesm2022/core.mjs:2281:21)
	    at R3Injector.get (node_modules/@angular/core/fesm2022/core.mjs:2149:33)
	    at TestBedImpl.inject (node_modules/@angular/core/fesm2022/testing.mjs:1987:52)
	    at TestBedImpl.inject (node_modules/@angular/core/fesm2022/testing.mjs:1829:37)
	    at UserContext.apply (src/app/services/cv-data/cv-data.service.spec.ts:10:23)
	    at _ZoneDelegate.invoke (node_modules/zone.js/fesm2015/zone.js:369:28)
	    at ProxyZoneSpec.onInvoke (node_modules/zone.js/fesm2015/zone-testing.js:2082:39)
	    at _ZoneDelegate.invoke (node_modules/zone.js/fesm2015/zone.js:368:34)
Chrome Headless 136.0.0.0 (Linux x86_64): Executed 12 of 40[31m (7 FAILED)[39m (0 secs / 0.531 secs)
[1A[2K[31mChrome Headless 136.0.0.0 (Linux x86_64) CandidatureDetailPage should create FAILED[39m
	NullInjectorError: R3InjectorError(Standalone[CandidatureDetailPage])[CandidatureService -> CandidatureService -> Firestore -> Firestore]:
	  NullInjectorError: No provider for Firestore!
	error properties: Object({ ngTempTokenPath: null, ngTokenPath: [ 'CandidatureService', 'CandidatureService', 'Firestore', 'Firestore' ] })
	    at NullInjector.get (node_modules/@angular/core/fesm2022/core.mjs:1630:27)
	    at R3Injector.get (node_modules/@angular/core/fesm2022/core.mjs:2159:33)
	    at R3Injector.get (node_modules/@angular/core/fesm2022/core.mjs:2159:33)
	    at injectInjectorOnly (node_modules/@angular/core/fesm2022/core.mjs:1125:32)
	    at ÉµÉµinject (node_modules/@angular/core/fesm2022/core.mjs:1131:60)
	    at Object.factory (ng:///CandidatureService/Éµfac.js:4:62)
	    at callback (node_modules/@angular/core/fesm2022/core.mjs:2282:47)
	    at runInInjectorProfilerContext (node_modules/@angular/core/fesm2022/core.mjs:884:9)
	    at R3Injector.hydrate (node_modules/@angular/core/fesm2022/core.mjs:2281:21)
	    at R3Injector.get (node_modules/@angular/core/fesm2022/core.mjs:2149:33)
	    at R3Injector.get (node_modules/@angular/core/fesm2022/core.mjs:2159:33)
	    at ChainedInjector.get (node_modules/@angular/core/fesm2022/core.mjs:17277:36)
	    at lookupTokenUsingModuleInjector (node_modules/@angular/core/fesm2022/core.mjs:5071:39)
	    at getOrCreateInjectable (node_modules/@angular/core/fesm2022/core.mjs:5119:12)
	    at ÉµÉµdirectiveInject (node_modules/@angular/core/fesm2022/core.mjs:17328:19)
	    at NodeInjectorFactory.CandidatureDetailPage_Factory [as factory] (ng:///CandidatureDetailPage/Éµfac.js:5:7)
Chrome Headless 136.0.0.0 (Linux x86_64): Executed 13 of 40[31m (8 FAILED)[39m (0 secs / 0.717 secs)
[1A[2KChrome Headless 136.0.0.0 (Linux x86_64): Executed 14 of 40[31m (8 FAILED)[39m (0 secs / 0.718 secs)
[1A[2K[31mChrome Headless 136.0.0.0 (Linux x86_64) DashboardPage should create FAILED[39m
	NullInjectorError: R3InjectorError(Standalone[DashboardPage])[CandidatureService -> CandidatureService -> Firestore -> Firestore]:
	  NullInjectorError: No provider for Firestore!
	error properties: Object({ ngTempTokenPath: null, ngTokenPath: [ 'CandidatureService', 'CandidatureService', 'Firestore', 'Firestore' ] })
	    at NullInjector.get (node_modules/@angular/core/fesm2022/core.mjs:1630:27)
	    at R3Injector.get (node_modules/@angular/core/fesm2022/core.mjs:2159:33)
	    at R3Injector.get (node_modules/@angular/core/fesm2022/core.mjs:2159:33)
	    at injectInjectorOnly (node_modules/@angular/core/fesm2022/core.mjs:1125:32)
	    at ÉµÉµinject (node_modules/@angular/core/fesm2022/core.mjs:1131:60)
	    at Object.factory (ng:///CandidatureService/Éµfac.js:4:62)
	    at callback (node_modules/@angular/core/fesm2022/core.mjs:2282:47)
	    at runInInjectorProfilerContext (node_modules/@angular/core/fesm2022/core.mjs:884:9)
	    at R3Injector.hydrate (node_modules/@angular/core/fesm2022/core.mjs:2281:21)
	    at R3Injector.get (node_modules/@angular/core/fesm2022/core.mjs:2149:33)
	    at R3Injector.get (node_modules/@angular/core/fesm2022/core.mjs:2159:33)
	    at ChainedInjector.get (node_modules/@angular/core/fesm2022/core.mjs:17277:36)
	    at lookupTokenUsingModuleInjector (node_modules/@angular/core/fesm2022/core.mjs:5071:39)
	    at getOrCreateInjectable (node_modules/@angular/core/fesm2022/core.mjs:5119:12)
	    at ÉµÉµdirectiveInject (node_modules/@angular/core/fesm2022/core.mjs:17328:19)
	    at NodeInjectorFactory.DashboardPage_Factory [as factory] (ng:///DashboardPage/Éµfac.js:5:7)
Chrome Headless 136.0.0.0 (Linux x86_64): Executed 15 of 40[31m (9 FAILED)[39m (0 secs / 0.81 secs)
[1A[2K[31mChrome Headless 136.0.0.0 (Linux x86_64) AIService should be created FAILED[39m
	NullInjectorError: R3InjectorError(DynamicTestModule)[AIService -> Functions -> Functions]:
	  NullInjectorError: No provider for Functions!
	error properties: Object({ ngTempTokenPath: null, ngTokenPath: [ 'AIService', 'Functions', 'Functions' ] })
	    at NullInjector.get (node_modules/@angular/core/fesm2022/core.mjs:1630:27)
	    at R3Injector.get (node_modules/@angular/core/fesm2022/core.mjs:2159:33)
	    at R3Injector.get (node_modules/@angular/core/fesm2022/core.mjs:2159:33)
	    at injectInjectorOnly (node_modules/@angular/core/fesm2022/core.mjs:1125:32)
	    at ÉµÉµinject (node_modules/@angular/core/fesm2022/core.mjs:1131:60)
	    at Object.factory (ng:///AIService/Éµfac.js:4:53)
	    at callback (node_modules/@angular/core/fesm2022/core.mjs:2282:47)
	    at runInInjectorProfilerContext (node_modules/@angular/core/fesm2022/core.mjs:884:9)
	    at R3Injector.hydrate (node_modules/@angular/core/fesm2022/core.mjs:2281:21)
	    at R3Injector.get (node_modules/@angular/core/fesm2022/core.mjs:2149:33)
	    at TestBedImpl.inject (node_modules/@angular/core/fesm2022/testing.mjs:1987:52)
	    at TestBedImpl.inject (node_modules/@angular/core/fesm2022/testing.mjs:1829:37)
	    at UserContext.apply (src/app/services/ai/ai.service.spec.ts:10:23)
	    at _ZoneDelegate.invoke (node_modules/zone.js/fesm2015/zone.js:369:28)
	    at ProxyZoneSpec.onInvoke (node_modules/zone.js/fesm2015/zone-testing.js:2082:39)
	    at _ZoneDelegate.invoke (node_modules/zone.js/fesm2015/zone.js:368:34)
Chrome Headless 136.0.0.0 (Linux x86_64): Executed 16 of 40[31m (10 FAILED)[39m (0 secs / 0.816 secs)
[1A[2K[31mChrome Headless 136.0.0.0 (Linux x86_64) CvPreviewComponent should create FAILED[39m
	Failed: Unexpected "CvPreviewComponent" found in the "declarations" array of the "TestBed.configureTestingModule" call, "CvPreviewComponent" is marked as standalone and can't be declared in any NgModule - did you intend to import it instead (by adding it to the "imports" array)?
	    at forEach (node_modules/@angular/core/fesm2022/testing.mjs:769:23)
	    at Array.forEach (<anonymous>)
	    at assertNoStandaloneComponents (node_modules/@angular/core/fesm2022/testing.mjs:765:11)
	    at TestBedCompiler.configureTestingModule (node_modules/@angular/core/fesm2022/testing.mjs:844:13)
	    at TestBedImpl.configureTestingModule (node_modules/@angular/core/fesm2022/testing.mjs:1976:23)
	    at TestBedImpl.configureTestingModule (node_modules/@angular/core/fesm2022/testing.mjs:1791:37)
	    at UserContext.apply (src/app/components/cv-preview/cv-preview.component.spec.ts:11:13)
	    at _ZoneDelegate.invoke (node_modules/zone.js/fesm2015/zone.js:369:28)
	    at AsyncTestZoneSpec.onInvoke (node_modules/zone.js/fesm2015/zone-testing.js:892:39)
	    at ProxyZoneSpec.onInvoke (node_modules/zone.js/fesm2015/zone-testing.js:2079:39)
	    at _ZoneDelegate.invoke (node_modules/zone.js/fesm2015/zone.js:368:34)
	    at ZoneImpl.runGuarded (node_modules/zone.js/fesm2015/zone.js:121:47)
	    at runInTestZone (node_modules/zone.js/fesm2015/zone-testing.js:1034:33)
	    at UserContext.apply (node_modules/zone.js/fesm2015/zone-testing.js:969:21)
	    at _ZoneDelegate.invoke (node_modules/zone.js/fesm2015/zone.js:369:28)
	    at ProxyZoneSpec.onInvoke (node_modules/zone.js/fesm2015/zone-testing.js:2082:39)
Chrome Headless 136.0.0.0 (Linux x86_64): Executed 17 of 40[31m (11 FAILED)[39m (0 secs / 0.818 secs)
[1A[2K[31mChrome Headless 136.0.0.0 (Linux x86_64) CvTemplateSelectorComponent should create FAILED[39m
	Failed: Unexpected "CvTemplateSelectorComponent" found in the "declarations" array of the "TestBed.configureTestingModule" call, "CvTemplateSelectorComponent" is marked as standalone and can't be declared in any NgModule - did you intend to import it instead (by adding it to the "imports" array)?
	    at forEach (node_modules/@angular/core/fesm2022/testing.mjs:769:23)
	    at Array.forEach (<anonymous>)
	    at assertNoStandaloneComponents (node_modules/@angular/core/fesm2022/testing.mjs:765:11)
	    at TestBedCompiler.configureTestingModule (node_modules/@angular/core/fesm2022/testing.mjs:844:13)
	    at TestBedImpl.configureTestingModule (node_modules/@angular/core/fesm2022/testing.mjs:1976:23)
	    at TestBedImpl.configureTestingModule (node_modules/@angular/core/fesm2022/testing.mjs:1791:37)
	    at UserContext.apply (src/app/components/cv-template-selector/cv-template-selector.component.spec.ts:11:13)
	    at _ZoneDelegate.invoke (node_modules/zone.js/fesm2015/zone.js:369:28)
	    at AsyncTestZoneSpec.onInvoke (node_modules/zone.js/fesm2015/zone-testing.js:892:39)
	    at ProxyZoneSpec.onInvoke (node_modules/zone.js/fesm2015/zone-testing.js:2079:39)
	    at _ZoneDelegate.invoke (node_modules/zone.js/fesm2015/zone.js:368:34)
	    at ZoneImpl.runGuarded (node_modules/zone.js/fesm2015/zone.js:121:47)
	    at runInTestZone (node_modules/zone.js/fesm2015/zone-testing.js:1034:33)
	    at UserContext.apply (node_modules/zone.js/fesm2015/zone-testing.js:969:21)
	    at _ZoneDelegate.invoke (node_modules/zone.js/fesm2015/zone.js:369:28)
	    at ProxyZoneSpec.onInvoke (node_modules/zone.js/fesm2015/zone-testing.js:2082:39)
Chrome Headless 136.0.0.0 (Linux x86_64): Executed 18 of 40[31m (12 FAILED)[39m (0 secs / 0.819 secs)
[1A[2K[31mChrome Headless 136.0.0.0 (Linux x86_64) StorageService should be created FAILED[39m
	NullInjectorError: R3InjectorError(DynamicTestModule)[StorageService -> Storage -> Storage]:
	  NullInjectorError: No provider for Storage!
	error properties: Object({ ngTempTokenPath: null, ngTokenPath: [ 'StorageService', 'Storage', 'Storage' ] })
	    at NullInjector.get (node_modules/@angular/core/fesm2022/core.mjs:1630:27)
	    at R3Injector.get (node_modules/@angular/core/fesm2022/core.mjs:2159:33)
	    at R3Injector.get (node_modules/@angular/core/fesm2022/core.mjs:2159:33)
	    at injectInjectorOnly (node_modules/@angular/core/fesm2022/core.mjs:1125:32)
	    at ÉµÉµinject (node_modules/@angular/core/fesm2022/core.mjs:1131:60)
	    at Object.factory (ng:///StorageService/Éµfac.js:4:58)
	    at callback (node_modules/@angular/core/fesm2022/core.mjs:2282:47)
	    at runInInjectorProfilerContext (node_modules/@angular/core/fesm2022/core.mjs:884:9)
	    at R3Injector.hydrate (node_modules/@angular/core/fesm2022/core.mjs:2281:21)
	    at R3Injector.get (node_modules/@angular/core/fesm2022/core.mjs:2149:33)
	    at TestBedImpl.inject (node_modules/@angular/core/fesm2022/testing.mjs:1987:52)
	    at TestBedImpl.inject (node_modules/@angular/core/fesm2022/testing.mjs:1829:37)
	    at UserContext.apply (src/app/shared/services/storage/storage.service.spec.ts:10:23)
	    at _ZoneDelegate.invoke (node_modules/zone.js/fesm2015/zone.js:369:28)
	    at ProxyZoneSpec.onInvoke (node_modules/zone.js/fesm2015/zone-testing.js:2082:39)
	    at _ZoneDelegate.invoke (node_modules/zone.js/fesm2015/zone.js:368:34)
Chrome Headless 136.0.0.0 (Linux x86_64): Executed 19 of 40[31m (13 FAILED)[39m (0 secs / 0.824 secs)
[1A[2K[31mChrome Headless 136.0.0.0 (Linux x86_64) FileExtractionService should be created FAILED[39m
	NullInjectorError: R3InjectorError(DynamicTestModule)[FileExtractionService -> Functions -> Functions]:
	  NullInjectorError: No provider for Functions!
	error properties: Object({ ngTempTokenPath: null, ngTokenPath: [ 'FileExtractionService', 'Functions', 'Functions' ] })
	    at NullInjector.get (node_modules/@angular/core/fesm2022/core.mjs:1630:27)
	    at R3Injector.get (node_modules/@angular/core/fesm2022/core.mjs:2159:33)
	    at R3Injector.get (node_modules/@angular/core/fesm2022/core.mjs:2159:33)
	    at injectInjectorOnly (node_modules/@angular/core/fesm2022/core.mjs:1125:32)
	    at ÉµÉµinject (node_modules/@angular/core/fesm2022/core.mjs:1131:60)
	    at Object.factory (ng:///FileExtractionService/Éµfac.js:4:65)
	    at callback (node_modules/@angular/core/fesm2022/core.mjs:2282:47)
	    at runInInjectorProfilerContext (node_modules/@angular/core/fesm2022/core.mjs:884:9)
	    at R3Injector.hydrate (node_modules/@angular/core/fesm2022/core.mjs:2281:21)
	    at R3Injector.get (node_modules/@angular/core/fesm2022/core.mjs:2149:33)
	    at TestBedImpl.inject (node_modules/@angular/core/fesm2022/testing.mjs:1987:52)
	    at TestBedImpl.inject (node_modules/@angular/core/fesm2022/testing.mjs:1829:37)
	    at UserContext.apply (src/app/shared/services/file-extraction/file-extraction.service.spec.ts:10:23)
	    at _ZoneDelegate.invoke (node_modules/zone.js/fesm2015/zone.js:369:28)
	    at ProxyZoneSpec.onInvoke (node_modules/zone.js/fesm2015/zone-testing.js:2082:39)
	    at _ZoneDelegate.invoke (node_modules/zone.js/fesm2015/zone.js:368:34)
Chrome Headless 136.0.0.0 (Linux x86_64): Executed 20 of 40[31m (14 FAILED)[39m (0 secs / 0.828 secs)
[1A[2K[31mChrome Headless 136.0.0.0 (Linux x86_64) CandidatureService should be created FAILED[39m
	NullInjectorError: R3InjectorError(DynamicTestModule)[CandidatureService -> Firestore -> Firestore]:
	  NullInjectorError: No provider for Firestore!
	error properties: Object({ ngTempTokenPath: null, ngTokenPath: [ 'CandidatureService', 'Firestore', 'Firestore' ] })
	    at NullInjector.get (node_modules/@angular/core/fesm2022/core.mjs:1630:27)
	    at R3Injector.get (node_modules/@angular/core/fesm2022/core.mjs:2159:33)
	    at R3Injector.get (node_modules/@angular/core/fesm2022/core.mjs:2159:33)
	    at injectInjectorOnly (node_modules/@angular/core/fesm2022/core.mjs:1125:32)
	    at ÉµÉµinject (node_modules/@angular/core/fesm2022/core.mjs:1131:60)
	    at Object.factory (ng:///CandidatureService/Éµfac.js:4:62)
	    at callback (node_modules/@angular/core/fesm2022/core.mjs:2282:47)
	    at runInInjectorProfilerContext (node_modules/@angular/core/fesm2022/core.mjs:884:9)
	    at R3Injector.hydrate (node_modules/@angular/core/fesm2022/core.mjs:2281:21)
	    at R3Injector.get (node_modules/@angular/core/fesm2022/core.mjs:2149:33)
	    at TestBedImpl.inject (node_modules/@angular/core/fesm2022/testing.mjs:1987:52)
	    at TestBedImpl.inject (node_modules/@angular/core/fesm2022/testing.mjs:1829:37)
	    at UserContext.apply (src/app/features/candidatures/services/candidature/candidature.service.spec.ts:10:23)
	    at _ZoneDelegate.invoke (node_modules/zone.js/fesm2015/zone.js:369:28)
	    at ProxyZoneSpec.onInvoke (node_modules/zone.js/fesm2015/zone-testing.js:2082:39)
	    at _ZoneDelegate.invoke (node_modules/zone.js/fesm2015/zone.js:368:34)
Chrome Headless 136.0.0.0 (Linux x86_64): Executed 21 of 40[31m (15 FAILED)[39m (0 secs / 0.832 secs)
[1A[2K[31mChrome Headless 136.0.0.0 (Linux x86_64) CvDataValidationModalComponent should create FAILED[39m
	Failed: R3InjectorError(Standalone[CvDataValidationModalComponent])[ModalController -> ModalController -> ModalController]:
	  NullInjectorError: No provider for ModalController!
	error properties: Object({ ngTempTokenPath: null, ngTokenPath: [ 'ModalController', 'ModalController', 'ModalController' ] })
	    at NullInjector.get (node_modules/@angular/core/fesm2022/core.mjs:1630:27)
	    at R3Injector.get (node_modules/@angular/core/fesm2022/core.mjs:2159:33)
	    at R3Injector.get (node_modules/@angular/core/fesm2022/core.mjs:2159:33)
	    at R3Injector.get (node_modules/@angular/core/fesm2022/core.mjs:2159:33)
	    at ChainedInjector.get (node_modules/@angular/core/fesm2022/core.mjs:17277:36)
	    at lookupTokenUsingModuleInjector (node_modules/@angular/core/fesm2022/core.mjs:5071:39)
	    at getOrCreateInjectable (node_modules/@angular/core/fesm2022/core.mjs:5119:12)
	    at ÉµÉµdirectiveInject (node_modules/@angular/core/fesm2022/core.mjs:17328:19)
	    at NodeInjectorFactory.factory (ng:///CvDataValidationModalComponent/Éµfac.js:4:74)
	    at getNodeInjectable (node_modules/@angular/core/fesm2022/core.mjs:5331:44)
	    at instantiateAllDirectives (node_modules/@angular/core/fesm2022/core.mjs:12593:27)
	    at createDirectivesInstances (node_modules/@angular/core/fesm2022/core.mjs:12383:5)
	    at ComponentFactory.create (node_modules/@angular/core/fesm2022/core.mjs:17984:17)
	    at apply (node_modules/@angular/core/fesm2022/testing.mjs:2053:51)
	    at _ZoneDelegate.invoke (node_modules/zone.js/fesm2015/zone.js:369:28)
	    at AsyncTestZoneSpec.onInvoke (node_modules/zone.js/fesm2015/zone-testing.js:892:39)
Chrome Headless 136.0.0.0 (Linux x86_64): Executed 22 of 40[31m (16 FAILED)[39m (0 secs / 0.952 secs)
[1A[2K[31mChrome Headless 136.0.0.0 (Linux x86_64) CvSelectorComponent should create FAILED[39m
	Failed: R3InjectorError(Standalone[CvSelectorComponent])[CvGenerationService -> CvGenerationService -> Firestore -> Firestore]:
	  NullInjectorError: No provider for Firestore!
	error properties: Object({ ngTempTokenPath: null, ngTokenPath: [ 'CvGenerationService', 'CvGenerationService', 'Firestore', 'Firestore' ] })
	    at NullInjector.get (node_modules/@angular/core/fesm2022/core.mjs:1630:27)
	    at R3Injector.get (node_modules/@angular/core/fesm2022/core.mjs:2159:33)
	    at R3Injector.get (node_modules/@angular/core/fesm2022/core.mjs:2159:33)
	    at injectInjectorOnly (node_modules/@angular/core/fesm2022/core.mjs:1125:32)
	    at ÉµÉµinject (node_modules/@angular/core/fesm2022/core.mjs:1131:60)
	    at Object.factory (ng:///CvGenerationService/Éµfac.js:4:63)
	    at callback (node_modules/@angular/core/fesm2022/core.mjs:2282:47)
	    at runInInjectorProfilerContext (node_modules/@angular/core/fesm2022/core.mjs:884:9)
	    at R3Injector.hydrate (node_modules/@angular/core/fesm2022/core.mjs:2281:21)
	    at R3Injector.get (node_modules/@angular/core/fesm2022/core.mjs:2149:33)
	    at R3Injector.get (node_modules/@angular/core/fesm2022/core.mjs:2159:33)
	    at ChainedInjector.get (node_modules/@angular/core/fesm2022/core.mjs:17277:36)
	    at lookupTokenUsingModuleInjector (node_modules/@angular/core/fesm2022/core.mjs:5071:39)
	    at getOrCreateInjectable (node_modules/@angular/core/fesm2022/core.mjs:5119:12)
	    at ÉµÉµdirectiveInject (node_modules/@angular/core/fesm2022/core.mjs:17328:19)
	    at NodeInjectorFactory.CvSelectorComponent_Factory [as factory] (ng:///CvSelectorComponent/Éµfac.js:4:63)
Chrome Headless 136.0.0.0 (Linux x86_64): Executed 23 of 40[31m (17 FAILED)[39m (0 secs / 0.995 secs)
[1A[2KChrome Headless 136.0.0.0 (Linux x86_64): Executed 24 of 40[31m (17 FAILED)[39m (0 secs / 1.002 secs)
[1A[2K[31mChrome Headless 136.0.0.0 (Linux x86_64) CandidatureService should be created FAILED[39m
	NullInjectorError: R3InjectorError(DynamicTestModule)[CandidatureService -> Firestore -> Firestore]:
	  NullInjectorError: No provider for Firestore!
	error properties: Object({ ngTempTokenPath: null, ngTokenPath: [ 'CandidatureService', 'Firestore', 'Firestore' ] })
	    at NullInjector.get (node_modules/@angular/core/fesm2022/core.mjs:1630:27)
	    at R3Injector.get (node_modules/@angular/core/fesm2022/core.mjs:2159:33)
	    at R3Injector.get (node_modules/@angular/core/fesm2022/core.mjs:2159:33)
	    at injectInjectorOnly (node_modules/@angular/core/fesm2022/core.mjs:1125:32)
	    at ÉµÉµinject (node_modules/@angular/core/fesm2022/core.mjs:1131:60)
	    at Object.factory (ng:///CandidatureService/Éµfac.js:4:62)
	    at callback (node_modules/@angular/core/fesm2022/core.mjs:2282:47)
	    at runInInjectorProfilerContext (node_modules/@angular/core/fesm2022/core.mjs:884:9)
	    at R3Injector.hydrate (node_modules/@angular/core/fesm2022/core.mjs:2281:21)
	    at R3Injector.get (node_modules/@angular/core/fesm2022/core.mjs:2149:33)
	    at TestBedImpl.inject (node_modules/@angular/core/fesm2022/testing.mjs:1987:52)
	    at TestBedImpl.inject (node_modules/@angular/core/fesm2022/testing.mjs:1829:37)
	    at UserContext.apply (src/app/shared/services/candidature/candidature.service.spec.ts:10:23)
	    at _ZoneDelegate.invoke (node_modules/zone.js/fesm2015/zone.js:369:28)
	    at ProxyZoneSpec.onInvoke (node_modules/zone.js/fesm2015/zone-testing.js:2082:39)
	    at _ZoneDelegate.invoke (node_modules/zone.js/fesm2015/zone.js:368:34)
Chrome Headless 136.0.0.0 (Linux x86_64): Executed 25 of 40[31m (18 FAILED)[39m (0 secs / 1.005 secs)
[1A[2K[31mChrome Headless 136.0.0.0 (Linux x86_64) LoginPage should create FAILED[39m
	NullInjectorError: R3InjectorError(Standalone[LoginPage])[AuthService -> AuthService -> Auth -> Auth]:
	  NullInjectorError: No provider for Auth!
	error properties: Object({ ngTempTokenPath: null, ngTokenPath: [ 'AuthService', 'AuthService', 'Auth', 'Auth' ] })
	    at NullInjector.get (node_modules/@angular/core/fesm2022/core.mjs:1630:27)
	    at R3Injector.get (node_modules/@angular/core/fesm2022/core.mjs:2159:33)
	    at R3Injector.get (node_modules/@angular/core/fesm2022/core.mjs:2159:33)
	    at injectInjectorOnly (node_modules/@angular/core/fesm2022/core.mjs:1125:32)
	    at ÉµÉµinject (node_modules/@angular/core/fesm2022/core.mjs:1131:60)
	    at Object.factory (ng:///AuthService/Éµfac.js:4:55)
	    at callback (node_modules/@angular/core/fesm2022/core.mjs:2282:47)
	    at runInInjectorProfilerContext (node_modules/@angular/core/fesm2022/core.mjs:884:9)
	    at R3Injector.hydrate (node_modules/@angular/core/fesm2022/core.mjs:2281:21)
	    at R3Injector.get (node_modules/@angular/core/fesm2022/core.mjs:2149:33)
	    at R3Injector.get (node_modules/@angular/core/fesm2022/core.mjs:2159:33)
	    at ChainedInjector.get (node_modules/@angular/core/fesm2022/core.mjs:17277:36)
	    at lookupTokenUsingModuleInjector (node_modules/@angular/core/fesm2022/core.mjs:5071:39)
	    at getOrCreateInjectable (node_modules/@angular/core/fesm2022/core.mjs:5119:12)
	    at ÉµÉµdirectiveInject (node_modules/@angular/core/fesm2022/core.mjs:17328:19)
	    at NodeInjectorFactory.LoginPage_Factory [as factory] (ng:///LoginPage/Éµfac.js:5:7)
Chrome Headless 136.0.0.0 (Linux x86_64): Executed 26 of 40[31m (19 FAILED)[39m (0 secs / 1.027 secs)
[1A[2K[31mChrome Headless 136.0.0.0 (Linux x86_64) PostulerPage should create FAILED[39m
	NullInjectorError: R3InjectorError(Standalone[PostulerPage])[AIService -> AIService -> Functions -> Functions]:
	  NullInjectorError: No provider for Functions!
	error properties: Object({ ngTempTokenPath: null, ngTokenPath: [ 'AIService', 'AIService', 'Functions', 'Functions' ] })
	    at NullInjector.get (node_modules/@angular/core/fesm2022/core.mjs:1630:27)
	    at R3Injector.get (node_modules/@angular/core/fesm2022/core.mjs:2159:33)
	    at R3Injector.get (node_modules/@angular/core/fesm2022/core.mjs:2159:33)
	    at injectInjectorOnly (node_modules/@angular/core/fesm2022/core.mjs:1125:32)
	    at ÉµÉµinject (node_modules/@angular/core/fesm2022/core.mjs:1131:60)
	    at Object.factory (ng:///AIService/Éµfac.js:4:53)
	    at callback (node_modules/@angular/core/fesm2022/core.mjs:2282:47)
	    at runInInjectorProfilerContext (node_modules/@angular/core/fesm2022/core.mjs:884:9)
	    at R3Injector.hydrate (node_modules/@angular/core/fesm2022/core.mjs:2281:21)
	    at R3Injector.get (node_modules/@angular/core/fesm2022/core.mjs:2149:33)
	    at R3Injector.get (node_modules/@angular/core/fesm2022/core.mjs:2159:33)
	    at ChainedInjector.get (node_modules/@angular/core/fesm2022/core.mjs:17277:36)
	    at lookupTokenUsingModuleInjector (node_modules/@angular/core/fesm2022/core.mjs:5071:39)
	    at getOrCreateInjectable (node_modules/@angular/core/fesm2022/core.mjs:5119:12)
	    at ÉµÉµdirectiveInject (node_modules/@angular/core/fesm2022/core.mjs:17328:19)
	    at NodeInjectorFactory.PostulerPage_Factory [as factory] (ng:///PostulerPage/Éµfac.js:5:7)
Chrome Headless 136.0.0.0 (Linux x86_64): Executed 27 of 40[31m (20 FAILED)[39m (0 secs / 1.235 secs)
[1A[2K[31mChrome Headless 136.0.0.0 (Linux x86_64) GenerateCvModalComponent should create FAILED[39m
	Failed: R3InjectorError(Standalone[GenerateCvModalComponent])[ModalController -> ModalController -> ModalController]:
	  NullInjectorError: No provider for ModalController!
	error properties: Object({ ngTempTokenPath: null, ngTokenPath: [ 'ModalController', 'ModalController', 'ModalController' ] })
	    at NullInjector.get (node_modules/@angular/core/fesm2022/core.mjs:1630:27)
	    at R3Injector.get (node_modules/@angular/core/fesm2022/core.mjs:2159:33)
	    at R3Injector.get (node_modules/@angular/core/fesm2022/core.mjs:2159:33)
	    at R3Injector.get (node_modules/@angular/core/fesm2022/core.mjs:2159:33)
	    at ChainedInjector.get (node_modules/@angular/core/fesm2022/core.mjs:17277:36)
	    at lookupTokenUsingModuleInjector (node_modules/@angular/core/fesm2022/core.mjs:5071:39)
	    at getOrCreateInjectable (node_modules/@angular/core/fesm2022/core.mjs:5119:12)
	    at ÉµÉµdirectiveInject (node_modules/@angular/core/fesm2022/core.mjs:17328:19)
	    at NodeInjectorFactory.factory (ng:///GenerateCvModalComponent/Éµfac.js:4:68)
	    at getNodeInjectable (node_modules/@angular/core/fesm2022/core.mjs:5331:44)
	    at instantiateAllDirectives (node_modules/@angular/core/fesm2022/core.mjs:12593:27)
	    at createDirectivesInstances (node_modules/@angular/core/fesm2022/core.mjs:12383:5)
	    at ComponentFactory.create (node_modules/@angular/core/fesm2022/core.mjs:17984:17)
	    at apply (node_modules/@angular/core/fesm2022/testing.mjs:2053:51)
	    at _ZoneDelegate.invoke (node_modules/zone.js/fesm2015/zone.js:369:28)
	    at AsyncTestZoneSpec.onInvoke (node_modules/zone.js/fesm2015/zone-testing.js:892:39)
Chrome Headless 136.0.0.0 (Linux x86_64): Executed 28 of 40[31m (21 FAILED)[39m (0 secs / 1.278 secs)
[1A[2K[31mChrome Headless 136.0.0.0 (Linux x86_64) UserHeaderComponent should create FAILED[39m
	Failed: R3InjectorError(Standalone[UserHeaderComponent])[AuthService -> AuthService -> Auth -> Auth]:
	  NullInjectorError: No provider for Auth!
	error properties: Object({ ngTempTokenPath: null, ngTokenPath: [ 'AuthService', 'AuthService', 'Auth', 'Auth' ] })
	    at NullInjector.get (node_modules/@angular/core/fesm2022/core.mjs:1630:27)
	    at R3Injector.get (node_modules/@angular/core/fesm2022/core.mjs:2159:33)
	    at R3Injector.get (node_modules/@angular/core/fesm2022/core.mjs:2159:33)
	    at injectInjectorOnly (node_modules/@angular/core/fesm2022/core.mjs:1125:32)
	    at ÉµÉµinject (node_modules/@angular/core/fesm2022/core.mjs:1131:60)
	    at Object.factory (ng:///AuthService/Éµfac.js:4:55)
	    at callback (node_modules/@angular/core/fesm2022/core.mjs:2282:47)
	    at runInInjectorProfilerContext (node_modules/@angular/core/fesm2022/core.mjs:884:9)
	    at R3Injector.hydrate (node_modules/@angular/core/fesm2022/core.mjs:2281:21)
	    at R3Injector.get (node_modules/@angular/core/fesm2022/core.mjs:2149:33)
	    at R3Injector.get (node_modules/@angular/core/fesm2022/core.mjs:2159:33)
	    at ChainedInjector.get (node_modules/@angular/core/fesm2022/core.mjs:17277:36)
	    at lookupTokenUsingModuleInjector (node_modules/@angular/core/fesm2022/core.mjs:5071:39)
	    at getOrCreateInjectable (node_modules/@angular/core/fesm2022/core.mjs:5119:12)
	    at ÉµÉµdirectiveInject (node_modules/@angular/core/fesm2022/core.mjs:17328:19)
	    at NodeInjectorFactory.UserHeaderComponent_Factory [as factory] (ng:///UserHeaderComponent/Éµfac.js:4:63)
Chrome Headless 136.0.0.0 (Linux x86_64): Executed 29 of 40[31m (22 FAILED)[39m (0 secs / 1.286 secs)
[1A[2K[31mChrome Headless 136.0.0.0 (Linux x86_64) SignupPage should create FAILED[39m
	NullInjectorError: R3InjectorError(Standalone[SignupPage])[AuthService -> AuthService -> Auth -> Auth]:
	  NullInjectorError: No provider for Auth!
	error properties: Object({ ngTempTokenPath: null, ngTokenPath: [ 'AuthService', 'AuthService', 'Auth', 'Auth' ] })
	    at NullInjector.get (node_modules/@angular/core/fesm2022/core.mjs:1630:27)
	    at R3Injector.get (node_modules/@angular/core/fesm2022/core.mjs:2159:33)
	    at R3Injector.get (node_modules/@angular/core/fesm2022/core.mjs:2159:33)
	    at injectInjectorOnly (node_modules/@angular/core/fesm2022/core.mjs:1125:32)
	    at ÉµÉµinject (node_modules/@angular/core/fesm2022/core.mjs:1131:60)
	    at Object.factory (ng:///AuthService/Éµfac.js:4:55)
	    at callback (node_modules/@angular/core/fesm2022/core.mjs:2282:47)
	    at runInInjectorProfilerContext (node_modules/@angular/core/fesm2022/core.mjs:884:9)
	    at R3Injector.hydrate (node_modules/@angular/core/fesm2022/core.mjs:2281:21)
	    at R3Injector.get (node_modules/@angular/core/fesm2022/core.mjs:2149:33)
	    at R3Injector.get (node_modules/@angular/core/fesm2022/core.mjs:2159:33)
	    at ChainedInjector.get (node_modules/@angular/core/fesm2022/core.mjs:17277:36)
	    at lookupTokenUsingModuleInjector (node_modules/@angular/core/fesm2022/core.mjs:5071:39)
	    at getOrCreateInjectable (node_modules/@angular/core/fesm2022/core.mjs:5119:12)
	    at ÉµÉµdirectiveInject (node_modules/@angular/core/fesm2022/core.mjs:17328:19)
	    at NodeInjectorFactory.SignupPage_Factory [as factory] (ng:///SignupPage/Éµfac.js:5:7)
Chrome Headless 136.0.0.0 (Linux x86_64): Executed 30 of 40[31m (23 FAILED)[39m (0 secs / 1.309 secs)
[1A[2K[31mChrome Headless 136.0.0.0 (Linux x86_64) TabsPage should create FAILED[39m
	NullInjectorError: R3InjectorError(Standalone[TabsPage])[ActivatedRoute -> ActivatedRoute -> ActivatedRoute]:
	  NullInjectorError: No provider for ActivatedRoute!
	error properties: Object({ ngTempTokenPath: null, ngTokenPath: [ 'ActivatedRoute', 'ActivatedRoute', 'ActivatedRoute' ] })
	    at NullInjector.get (node_modules/@angular/core/fesm2022/core.mjs:1630:27)
	    at R3Injector.get (node_modules/@angular/core/fesm2022/core.mjs:2159:33)
	    at R3Injector.get (node_modules/@angular/core/fesm2022/core.mjs:2159:33)
	    at R3Injector.get (node_modules/@angular/core/fesm2022/core.mjs:2159:33)
	    at ChainedInjector.get (node_modules/@angular/core/fesm2022/core.mjs:17277:36)
	    at lookupTokenUsingModuleInjector (node_modules/@angular/core/fesm2022/core.mjs:5071:39)
	    at getOrCreateInjectable (node_modules/@angular/core/fesm2022/core.mjs:5119:12)
	    at Module.ÉµÉµdirectiveInject (node_modules/@angular/core/fesm2022/core.mjs:17328:19)
	    at NodeInjectorFactory.factory (node_modules/@ionic/angular/fesm2022/ionic-angular-standalone.mjs:125:116)
	    at getNodeInjectable (node_modules/@angular/core/fesm2022/core.mjs:5331:44)
	    at instantiateAllDirectives (node_modules/@angular/core/fesm2022/core.mjs:12593:27)
	    at createDirectivesInstances (node_modules/@angular/core/fesm2022/core.mjs:12383:5)
	    at ÉµÉµelementStart (node_modules/@angular/core/fesm2022/core.mjs:27944:9)
	    at ÉµÉµelement (node_modules/@angular/core/fesm2022/core.mjs:27999:5)
	    at templateFn (ng:///TabsPage.js:9:9)
	    at executeTemplate (node_modules/@angular/core/fesm2022/core.mjs:12369:9)
Chrome Headless 136.0.0.0 (Linux x86_64): Executed 31 of 40[31m (24 FAILED)[39m (0 secs / 1.325 secs)
[1A[2K[31mChrome Headless 136.0.0.0 (Linux x86_64) MyCvPage should create FAILED[39m
	NullInjectorError: R3InjectorError(Standalone[MyCvPage])[ModalController -> ModalController -> ModalController]:
	  NullInjectorError: No provider for ModalController!
	error properties: Object({ ngTempTokenPath: null, ngTokenPath: [ 'ModalController', 'ModalController', 'ModalController' ] })
	    at NullInjector.get (node_modules/@angular/core/fesm2022/core.mjs:1630:27)
	    at R3Injector.get (node_modules/@angular/core/fesm2022/core.mjs:2159:33)
	    at R3Injector.get (node_modules/@angular/core/fesm2022/core.mjs:2159:33)
	    at R3Injector.get (node_modules/@angular/core/fesm2022/core.mjs:2159:33)
	    at ChainedInjector.get (node_modules/@angular/core/fesm2022/core.mjs:17277:36)
	    at lookupTokenUsingModuleInjector (node_modules/@angular/core/fesm2022/core.mjs:5071:39)
	    at getOrCreateInjectable (node_modules/@angular/core/fesm2022/core.mjs:5119:12)
	    at ÉµÉµdirectiveInject (node_modules/@angular/core/fesm2022/core.mjs:17328:19)
	    at NodeInjectorFactory.factory (ng:///MyCvPage/Éµfac.js:5:7)
	    at getNodeInjectable (node_modules/@angular/core/fesm2022/core.mjs:5331:44)
	    at instantiateAllDirectives (node_modules/@angular/core/fesm2022/core.mjs:12593:27)
	    at createDirectivesInstances (node_modules/@angular/core/fesm2022/core.mjs:12383:5)
	    at ComponentFactory.create (node_modules/@angular/core/fesm2022/core.mjs:17984:17)
	    at apply (node_modules/@angular/core/fesm2022/testing.mjs:2053:51)
	    at _ZoneDelegate.invoke (node_modules/zone.js/fesm2015/zone.js:369:28)
	    at ProxyZoneSpec.onInvoke (node_modules/zone.js/fesm2015/zone-testing.js:2082:39)
Chrome Headless 136.0.0.0 (Linux x86_64): Executed 32 of 40[31m (25 FAILED)[39m (0 secs / 1.396 secs)
[1A[2KChrome Headless 136.0.0.0 (Linux x86_64): Executed 33 of 40[31m (25 FAILED)[39m (0 secs / 1.409 secs)
[1A[2K[31mChrome Headless 136.0.0.0 (Linux x86_64) CandidatureCardComponent should create FAILED[39m
	Failed: Cannot read properties of undefined (reading 'entreprise')
	    at templateFn (ng:///CandidatureCardComponent.js:118:50)
	    at executeTemplate (node_modules/@angular/core/fesm2022/core.mjs:12369:9)
	    at refreshView (node_modules/@angular/core/fesm2022/core.mjs:14054:13)
	    at detectChangesInView (node_modules/@angular/core/fesm2022/core.mjs:14274:9)
	    at detectChangesInViewIfAttached (node_modules/@angular/core/fesm2022/core.mjs:14234:5)
	    at detectChangesInComponent (node_modules/@angular/core/fesm2022/core.mjs:14222:5)
	    at detectChangesInChildComponents (node_modules/@angular/core/fesm2022/core.mjs:14293:9)
	    at refreshView (node_modules/@angular/core/fesm2022/core.mjs:14109:13)
	    at detectChangesInView (node_modules/@angular/core/fesm2022/core.mjs:14274:9)
	    at detectChangesInViewWhileDirty (node_modules/@angular/core/fesm2022/core.mjs:13966:9)
	    at detectChangesInternal (node_modules/@angular/core/fesm2022/core.mjs:13948:9)
	    at ViewRef.detectChanges (node_modules/@angular/core/fesm2022/core.mjs:14805:9)
	    at apply (node_modules/@angular/core/fesm2022/testing.mjs:292:44)
	    at _ZoneDelegate.invoke (node_modules/zone.js/fesm2015/zone.js:369:28)
	    at AsyncTestZoneSpec.onInvoke (node_modules/zone.js/fesm2015/zone-testing.js:892:39)
	    at ProxyZoneSpec.onInvoke (node_modules/zone.js/fesm2015/zone-testing.js:2079:39)
Chrome Headless 136.0.0.0 (Linux x86_64): Executed 34 of 40[31m (26 FAILED)[39m (0 secs / 1.424 secs)
[1A[2K[31mChrome Headless 136.0.0.0 (Linux x86_64) TextViewerModalComponent should create FAILED[39m
	Failed: R3InjectorError(Standalone[TextViewerModalComponent])[ModalController -> ModalController -> ModalController]:
	  NullInjectorError: No provider for ModalController!
	error properties: Object({ ngTempTokenPath: null, ngTokenPath: [ 'ModalController', 'ModalController', 'ModalController' ] })
	    at NullInjector.get (node_modules/@angular/core/fesm2022/core.mjs:1630:27)
	    at R3Injector.get (node_modules/@angular/core/fesm2022/core.mjs:2159:33)
	    at R3Injector.get (node_modules/@angular/core/fesm2022/core.mjs:2159:33)
	    at R3Injector.get (node_modules/@angular/core/fesm2022/core.mjs:2159:33)
	    at ChainedInjector.get (node_modules/@angular/core/fesm2022/core.mjs:17277:36)
	    at lookupTokenUsingModuleInjector (node_modules/@angular/core/fesm2022/core.mjs:5071:39)
	    at getOrCreateInjectable (node_modules/@angular/core/fesm2022/core.mjs:5119:12)
	    at ÉµÉµdirectiveInject (node_modules/@angular/core/fesm2022/core.mjs:17328:19)
	    at NodeInjectorFactory.factory (ng:///TextViewerModalComponent/Éµfac.js:4:68)
	    at getNodeInjectable (node_modules/@angular/core/fesm2022/core.mjs:5331:44)
	    at instantiateAllDirectives (node_modules/@angular/core/fesm2022/core.mjs:12593:27)
	    at createDirectivesInstances (node_modules/@angular/core/fesm2022/core.mjs:12383:5)
	    at ComponentFactory.create (node_modules/@angular/core/fesm2022/core.mjs:17984:17)
	    at apply (node_modules/@angular/core/fesm2022/testing.mjs:2053:51)
	    at _ZoneDelegate.invoke (node_modules/zone.js/fesm2015/zone.js:369:28)
	    at AsyncTestZoneSpec.onInvoke (node_modules/zone.js/fesm2015/zone-testing.js:892:39)
Chrome Headless 136.0.0.0 (Linux x86_64): Executed 35 of 40[31m (27 FAILED)[39m (0 secs / 1.473 secs)
[1A[2KChrome Headless 136.0.0.0 (Linux x86_64): Executed 36 of 40[31m (27 FAILED)[39m (0 secs / 1.479 secs)
[1A[2KChrome Headless 136.0.0.0 (Linux x86_64): Executed 37 of 40[31m (27 FAILED)[39m (0 secs / 1.481 secs)
[1A[2K[31mChrome Headless 136.0.0.0 (Linux x86_64) ExperienceModalComponent should create FAILED[39m
	Failed: R3InjectorError(Standalone[ExperienceModalComponent])[ModalController -> ModalController -> ModalController]:
	  NullInjectorError: No provider for ModalController!
	error properties: Object({ ngTempTokenPath: null, ngTokenPath: [ 'ModalController', 'ModalController', 'ModalController' ] })
	    at NullInjector.get (node_modules/@angular/core/fesm2022/core.mjs:1630:27)
	    at R3Injector.get (node_modules/@angular/core/fesm2022/core.mjs:2159:33)
	    at R3Injector.get (node_modules/@angular/core/fesm2022/core.mjs:2159:33)
	    at R3Injector.get (node_modules/@angular/core/fesm2022/core.mjs:2159:33)
	    at ChainedInjector.get (node_modules/@angular/core/fesm2022/core.mjs:17277:36)
	    at lookupTokenUsingModuleInjector (node_modules/@angular/core/fesm2022/core.mjs:5071:39)
	    at getOrCreateInjectable (node_modules/@angular/core/fesm2022/core.mjs:5119:12)
	    at ÉµÉµdirectiveInject (node_modules/@angular/core/fesm2022/core.mjs:17328:19)
	    at NodeInjectorFactory.factory (ng:///ExperienceModalComponent/Éµfac.js:4:68)
	    at getNodeInjectable (node_modules/@angular/core/fesm2022/core.mjs:5331:44)
	    at instantiateAllDirectives (node_modules/@angular/core/fesm2022/core.mjs:12593:27)
	    at createDirectivesInstances (node_modules/@angular/core/fesm2022/core.mjs:12383:5)
	    at ComponentFactory.create (node_modules/@angular/core/fesm2022/core.mjs:17984:17)
	    at apply (node_modules/@angular/core/fesm2022/testing.mjs:2053:51)
	    at _ZoneDelegate.invoke (node_modules/zone.js/fesm2015/zone.js:369:28)
	    at AsyncTestZoneSpec.onInvoke (node_modules/zone.js/fesm2015/zone-testing.js:892:39)
Chrome Headless 136.0.0.0 (Linux x86_64): Executed 38 of 40[31m (28 FAILED)[39m (0 secs / 1.499 secs)
[1A[2KChrome Headless 136.0.0.0 (Linux x86_64): Executed 39 of 40[31m (28 FAILED)[39m (0 secs / 1.501 secs)
[1A[2K[31mChrome Headless 136.0.0.0 (Linux x86_64) FormationModalComponent should create FAILED[39m
	Failed: R3InjectorError(Standalone[FormationModalComponent])[ModalController -> ModalController -> ModalController]:
	  NullInjectorError: No provider for ModalController!
	error properties: Object({ ngTempTokenPath: null, ngTokenPath: [ 'ModalController', 'ModalController', 'ModalController' ] })
	    at NullInjector.get (node_modules/@angular/core/fesm2022/core.mjs:1630:27)
	    at R3Injector.get (node_modules/@angular/core/fesm2022/core.mjs:2159:33)
	    at R3Injector.get (node_modules/@angular/core/fesm2022/core.mjs:2159:33)
	    at R3Injector.get (node_modules/@angular/core/fesm2022/core.mjs:2159:33)
	    at ChainedInjector.get (node_modules/@angular/core/fesm2022/core.mjs:17277:36)
	    at lookupTokenUsingModuleInjector (node_modules/@angular/core/fesm2022/core.mjs:5071:39)
	    at getOrCreateInjectable (node_modules/@angular/core/fesm2022/core.mjs:5119:12)
	    at ÉµÉµdirectiveInject (node_modules/@angular/core/fesm2022/core.mjs:17328:19)
	    at NodeInjectorFactory.factory (ng:///FormationModalComponent/Éµfac.js:4:67)
	    at getNodeInjectable (node_modules/@angular/core/fesm2022/core.mjs:5331:44)
	    at instantiateAllDirectives (node_modules/@angular/core/fesm2022/core.mjs:12593:27)
	    at createDirectivesInstances (node_modules/@angular/core/fesm2022/core.mjs:12383:5)
	    at ComponentFactory.create (node_modules/@angular/core/fesm2022/core.mjs:17984:17)
	    at apply (node_modules/@angular/core/fesm2022/testing.mjs:2053:51)
	    at _ZoneDelegate.invoke (node_modules/zone.js/fesm2015/zone.js:369:28)
	    at AsyncTestZoneSpec.onInvoke (node_modules/zone.js/fesm2015/zone-testing.js:892:39)
Chrome Headless 136.0.0.0 (Linux x86_64): Executed 40 of 40[31m (29 FAILED)[39m (0 secs / 1.52 secs)
[1A[2KChrome Headless 136.0.0.0 (Linux x86_64): Executed 40 of 40[31m (29 FAILED)[39m (1.596 secs / 1.52 secs)
[31mTOTAL: 29 FAILED, 11 SUCCESS[39m
